\BOOKMARK [1][-]{section.1}{\376\377\0001\000.\000\040\225\356\230\230\221\315\217\360}{}% 1
\BOOKMARK [2][-]{subsection.1.1}{\376\377\0001\000.\0001\000\040\225\356\230\230\200\314\146\157}{section.1}% 2
\BOOKMARK [2][-]{subsection.1.2}{\376\377\0001\000.\0002\000\040\225\356\230\230\166\204\143\320\121\372}{section.1}% 3
\BOOKMARK [3][-]{subsubsection.1.2.1}{\376\377\0001\000.\0002\000.\0001\000\040\145\160\143\156\230\204\131\004\164\006}{subsection.1.2}% 4
\BOOKMARK [3][-]{subsubsection.1.2.2}{\376\377\0001\000.\0002\000.\0002\000\040\217\320\122\250\133\146\162\107\153\265\143\320\123\326}{subsection.1.2}% 5
\BOOKMARK [3][-]{subsubsection.1.2.3}{\376\377\0001\000.\0002\000.\0003\000\040\154\175\217\146\210\114\232\166\135\345\121\265\166\204\147\204\136\372}{subsection.1.2}% 6
\BOOKMARK [1][-]{section.2}{\376\377\0002\000.\000\040\225\356\230\230\120\107\213\276\116\016\173\046\123\367\213\364\146\016}{}% 7
\BOOKMARK [2][-]{subsection.2.1}{\376\377\0002\000.\0001\000\040\225\356\230\230\120\107\213\276}{section.2}% 8
\BOOKMARK [2][-]{subsection.2.2}{\376\377\0002\000.\0002\000\040\173\046\123\367\213\364\146\016}{section.2}% 9
\BOOKMARK [1][-]{section.3}{\376\377\0003\000.\000\040\225\356\230\230\116\000\000\040\377\032\000\040\145\160\143\156\230\204\131\004\164\006}{}% 10
\BOOKMARK [2][-]{subsection.3.1}{\376\377\0003\000.\0001\000\040\225\356\230\230\122\006\147\220}{section.3}% 11
\BOOKMARK [2][-]{subsection.3.2}{\376\377\0003\000.\0002\000\040\225\356\230\230\154\102\211\343}{section.3}% 12
\BOOKMARK [3][-]{subsubsection.3.2.1}{\376\377\0003\000.\0002\000.\0001\000\040\145\366\225\364\116\015\217\336\176\355\225\356\230\230}{subsection.3.2}% 13
\BOOKMARK [3][-]{subsubsection.3.2.2}{\376\377\0003\000.\0002\000.\0002\000\040\122\240\060\001\121\317\220\037\136\246\137\002\136\070\131\004\164\006}{subsection.3.2}% 14
\BOOKMARK [3][-]{subsubsection.3.2.3}{\376\377\0003\000.\0002\000.\0003\000\040\225\177\147\037\120\134\217\146\060\001\130\065\217\146\225\356\230\230}{subsection.3.2}% 15
\BOOKMARK [3][-]{subsubsection.3.2.4}{\376\377\0003\000.\0002\000.\0004\000\040\140\040\220\037\145\366\225\364\215\205\225\177\225\356\230\230}{subsection.3.2}% 16
\BOOKMARK [3][-]{subsubsection.3.2.5}{\376\377\0003\000.\0002\000.\0005\000\040\145\160\143\156\230\204\131\004\164\006\176\323\147\234}{subsection.3.2}% 17
\BOOKMARK [1][-]{section.4}{\376\377\0004\000.\000\040\225\356\230\230\116\214\377\032\217\320\122\250\133\146\162\107\153\265\143\320\123\326}{}% 18
\BOOKMARK [2][-]{subsection.4.1}{\376\377\0004\000.\0001\000\040\225\356\230\230\122\006\147\220}{section.4}% 19
\BOOKMARK [2][-]{subsection.4.2}{\376\377\0004\000.\0002\000\040\225\356\230\230\154\102\211\343}{section.4}% 20
\BOOKMARK [1][-]{section.5}{\376\377\0005\000.\000\040\225\356\230\230\116\011\377\032\154\175\217\146\210\114\232\166\135\345\121\265\166\204\147\204\136\372}{}% 21
\BOOKMARK [2][-]{subsection.5.1}{\376\377\0005\000.\0001\000\040\225\356\230\230\122\006\147\220}{section.5}% 22
\BOOKMARK [2][-]{subsection.5.2}{\376\377\0005\000.\0002\000\040\225\356\230\230\154\102\211\343}{section.5}% 23
\BOOKMARK [3][-]{subsubsection.5.2.1}{\376\377\0005\000.\0002\000.\0001\000\040\162\171\137\201\123\330\221\317\220\011\123\326}{subsection.5.2}% 24
\BOOKMARK [3][-]{subsubsection.5.2.2}{\376\377\0005\000.\0002\000.\0002\000\040\116\073\142\020\122\006\122\006\147\220}{subsection.5.2}% 25
\BOOKMARK [3][-]{subsubsection.5.2.3}{\376\377\0005\000.\0002\000.\0003\000\040\000k\000-\000m\000e\000a\000n\000s\200\132\174\173\122\006\147\220}{subsection.5.2}% 26
\BOOKMARK [3][-]{subsubsection.5.2.4}{\376\377\0005\000.\0002\000.\0004\000\040\121\170\127\213\217\320\122\250\162\107\153\265\220\011\123\326}{subsection.5.2}% 27
\BOOKMARK [1][-]{section.6}{\376\377\0006\000.\000\040\154\175\217\146\210\114\232\166\135\345\121\265\213\304\117\060\116\016\232\214\213\301}{}% 28
\BOOKMARK [2][-]{subsection.6.1}{\376\377\0006\000.\0001\000\040\162\171\137\201\123\302\145\160\213\357\135\356\122\006\147\220}{section.6}% 29
\BOOKMARK [2][-]{subsection.6.2}{\376\377\0006\000.\0002\000\040\220\037\136\246\000-\122\240\220\037\136\246\200\124\124\010\122\006\136\003\232\214\213\301}{section.6}% 30
\BOOKMARK [1][-]{section*.30}{\376\377\123\302\200\003\145\207\163\056}{}% 31
\BOOKMARK [1][-]{section.1}{\376\377\226\104\137\125\000A\000\040\156\220\116\343\170\001}{}% 32
